<?xml version="1.0" encoding="UTF-8"?>
<!-- Generated by org.testng.reporters.JUnitXMLReporter -->
<testsuite ignored="0" hostname="Adityas-MacBook-Pro.local" failures="1" tests="4" name="Test" time="17.21" errors="0" timestamp="2025-04-12T13:41:08 IST">
  <testcase classname="Pages.RunNow" name="LoginFirst" time="0.154"/>
  <testcase classname="Pages.RunNow" name="LoginFirst" time="0.147"/>
  <testcase classname="Pages.RunNow" name="LoginFirst" time="2.448"/>
  <testcase classname="Pages.RunNow" name="LoginFirst" time="0.163">
    <failure type="java.lang.AssertionError" message="expected:&amp;lt;file:///Users/adityamagar/Desktop/TNS%20/Selenium%20Softwares/Offline%20Website/index.html&amp;gt; but was:&amp;lt;file:///Users/adityamagar/Desktop/TNS%20/Selenium%20Softwares/Offline%20Website/pages/examples/dashboard.html&amp;gt;">
      <![CDATA[java.lang.AssertionError: expected:<file:///Users/adityamagar/Desktop/TNS%20/Selenium%20Softwares/Offline%20Website/index.html> but was:<file:///Users/adityamagar/Desktop/TNS%20/Selenium%20Softwares/Offline%20Website/pages/examples/dashboard.html>
at Pages.RunNow.LoginFirst(RunNow.java:24)
at java.base/java.util.ArrayList.forEach(ArrayList.java:1511)
... Removed 29 stack frames]]>
    </failure>
  </testcase> <!-- LoginFirst -->
</testsuite> <!-- Test -->
